<?xml version="1.0" encoding="UTF-8"?>
<testsuite xmlns:xsi="http://www.w3.org/2001/XMLSchema-instance" xsi:noNamespaceSchemaLocation="https://maven.apache.org/surefire/maven-surefire-plugin/xsd/surefire-test-report.xsd" name="app.userDataTest" time="0.079" tests="9" errors="0" skipped="0" failures="0">
  <properties>
    <property name="gopherProxySet" value="false"/>
    <property name="awt.toolkit" value="sun.lwawt.macosx.LWCToolkit"/>
    <property name="file.encoding.pkg" value="sun.io"/>
    <property name="java.specification.version" value="1.8"/>
    <property name="sun.cpu.isalist" value=""/>
    <property name="sun.jnu.encoding" value="UTF-8"/>
    <property name="java.class.path" value="/Users/abelmarin/Code/School/Software Testing/marin-nutrition/target/test-classes:/Users/abelmarin/Code/School/Software Testing/marin-nutrition/target/classes:/Users/abelmarin/.m2/repository/com/opencsv/opencsv/5.2/opencsv-5.2.jar:/Users/abelmarin/.m2/repository/org/apache/commons/commons-lang3/3.10/commons-lang3-3.10.jar:/Users/abelmarin/.m2/repository/org/apache/commons/commons-text/1.8/commons-text-1.8.jar:/Users/abelmarin/.m2/repository/commons-beanutils/commons-beanutils/1.9.4/commons-beanutils-1.9.4.jar:/Users/abelmarin/.m2/repository/commons-logging/commons-logging/1.2/commons-logging-1.2.jar:/Users/abelmarin/.m2/repository/commons-collections/commons-collections/3.2.2/commons-collections-3.2.2.jar:/Users/abelmarin/.m2/repository/org/apache/commons/commons-collections4/4.4/commons-collections4-4.4.jar:/Users/abelmarin/.m2/repository/javax/mail/mail/1.5.0-b01/mail-1.5.0-b01.jar:/Users/abelmarin/.m2/repository/javax/activation/activation/1.1/activation-1.1.jar:/Users/abelmarin/.m2/repository/com/icegreen/greenmail/1.5.13/greenmail-1.5.13.jar:/Users/abelmarin/.m2/repository/com/sun/mail/javax.mail/1.5.6/javax.mail-1.5.6.jar:/Users/abelmarin/.m2/repository/org/slf4j/slf4j-api/1.7.30/slf4j-api-1.7.30.jar:/Users/abelmarin/.m2/repository/junit/junit/4.13/junit-4.13.jar:/Users/abelmarin/.m2/repository/org/junit/jupiter/junit-jupiter-api/5.6.1/junit-jupiter-api-5.6.1.jar:/Users/abelmarin/.m2/repository/org/apiguardian/apiguardian-api/1.1.0/apiguardian-api-1.1.0.jar:/Users/abelmarin/.m2/repository/org/opentest4j/opentest4j/1.2.0/opentest4j-1.2.0.jar:/Users/abelmarin/.m2/repository/org/junit/platform/junit-platform-commons/1.6.1/junit-platform-commons-1.6.1.jar:/Users/abelmarin/.m2/repository/org/junit/jupiter/junit-jupiter-engine/5.6.1/junit-jupiter-engine-5.6.1.jar:/Users/abelmarin/.m2/repository/org/junit/platform/junit-platform-engine/1.6.1/junit-platform-engine-1.6.1.jar:/Users/abelmarin/.m2/repository/org/junit/vintage/junit-vintage-engine/5.6.1/junit-vintage-engine-5.6.1.jar:/Users/abelmarin/.m2/repository/org/junit/jupiter/junit-jupiter-params/5.6.1/junit-jupiter-params-5.6.1.jar:/Users/abelmarin/.m2/repository/org/junit/platform/junit-platform-launcher/1.6.1/junit-platform-launcher-1.6.1.jar:/Users/abelmarin/.m2/repository/org/junit/platform/junit-platform-runner/1.6.1/junit-platform-runner-1.6.1.jar:/Users/abelmarin/.m2/repository/org/junit/platform/junit-platform-suite-api/1.6.1/junit-platform-suite-api-1.6.1.jar:"/>
    <property name="java.vm.vendor" value="Oracle Corporation"/>
    <property name="sun.arch.data.model" value="64"/>
    <property name="java.vendor.url" value="http://java.oracle.com/"/>
    <property name="user.timezone" value=""/>
    <property name="java.vm.specification.version" value="1.8"/>
    <property name="os.name" value="Mac OS X"/>
    <property name="user.country" value="US"/>
    <property name="sun.java.launcher" value="SUN_STANDARD"/>
    <property name="sun.boot.library.path" value="/Library/Java/JavaVirtualMachines/jdk1.8.0_202.jdk/Contents/Home/jre/lib"/>
    <property name="sun.java.command" value="/Users/abelmarin/Code/School/Software Testing/marin-nutrition/target/surefire/surefirebooter2143951905915930656.jar /Users/abelmarin/Code/School/Software Testing/marin-nutrition/target/surefire 2020-06-03T23-09-55_414-jvmRun1 surefire5321147575756435862tmp surefire_04749166486601602685tmp"/>
    <property name="http.nonProxyHosts" value="local|*.local|169.254/16|*.169.254/16"/>
    <property name="surefire.test.class.path" value="/Users/abelmarin/Code/School/Software Testing/marin-nutrition/target/test-classes:/Users/abelmarin/Code/School/Software Testing/marin-nutrition/target/classes:/Users/abelmarin/.m2/repository/com/opencsv/opencsv/5.2/opencsv-5.2.jar:/Users/abelmarin/.m2/repository/org/apache/commons/commons-lang3/3.10/commons-lang3-3.10.jar:/Users/abelmarin/.m2/repository/org/apache/commons/commons-text/1.8/commons-text-1.8.jar:/Users/abelmarin/.m2/repository/commons-beanutils/commons-beanutils/1.9.4/commons-beanutils-1.9.4.jar:/Users/abelmarin/.m2/repository/commons-logging/commons-logging/1.2/commons-logging-1.2.jar:/Users/abelmarin/.m2/repository/commons-collections/commons-collections/3.2.2/commons-collections-3.2.2.jar:/Users/abelmarin/.m2/repository/org/apache/commons/commons-collections4/4.4/commons-collections4-4.4.jar:/Users/abelmarin/.m2/repository/javax/mail/mail/1.5.0-b01/mail-1.5.0-b01.jar:/Users/abelmarin/.m2/repository/javax/activation/activation/1.1/activation-1.1.jar:/Users/abelmarin/.m2/repository/com/icegreen/greenmail/1.5.13/greenmail-1.5.13.jar:/Users/abelmarin/.m2/repository/com/sun/mail/javax.mail/1.5.6/javax.mail-1.5.6.jar:/Users/abelmarin/.m2/repository/org/slf4j/slf4j-api/1.7.30/slf4j-api-1.7.30.jar:/Users/abelmarin/.m2/repository/junit/junit/4.13/junit-4.13.jar:/Users/abelmarin/.m2/repository/org/junit/jupiter/junit-jupiter-api/5.6.1/junit-jupiter-api-5.6.1.jar:/Users/abelmarin/.m2/repository/org/apiguardian/apiguardian-api/1.1.0/apiguardian-api-1.1.0.jar:/Users/abelmarin/.m2/repository/org/opentest4j/opentest4j/1.2.0/opentest4j-1.2.0.jar:/Users/abelmarin/.m2/repository/org/junit/platform/junit-platform-commons/1.6.1/junit-platform-commons-1.6.1.jar:/Users/abelmarin/.m2/repository/org/junit/jupiter/junit-jupiter-engine/5.6.1/junit-jupiter-engine-5.6.1.jar:/Users/abelmarin/.m2/repository/org/junit/platform/junit-platform-engine/1.6.1/junit-platform-engine-1.6.1.jar:/Users/abelmarin/.m2/repository/org/junit/vintage/junit-vintage-engine/5.6.1/junit-vintage-engine-5.6.1.jar:/Users/abelmarin/.m2/repository/org/junit/jupiter/junit-jupiter-params/5.6.1/junit-jupiter-params-5.6.1.jar:/Users/abelmarin/.m2/repository/org/junit/platform/junit-platform-launcher/1.6.1/junit-platform-launcher-1.6.1.jar:/Users/abelmarin/.m2/repository/org/junit/platform/junit-platform-runner/1.6.1/junit-platform-runner-1.6.1.jar:/Users/abelmarin/.m2/repository/org/junit/platform/junit-platform-suite-api/1.6.1/junit-platform-suite-api-1.6.1.jar:"/>
    <property name="sun.cpu.endian" value="little"/>
    <property name="user.home" value="/Users/abelmarin"/>
    <property name="user.language" value="en"/>
    <property name="java.specification.vendor" value="Oracle Corporation"/>
    <property name="java.home" value="/Library/Java/JavaVirtualMachines/jdk1.8.0_202.jdk/Contents/Home/jre"/>
    <property name="basedir" value="/Users/abelmarin/Code/School/Software Testing/marin-nutrition"/>
    <property name="file.separator" value="/"/>
    <property name="line.separator" value="&#10;"/>
    <property name="java.vm.specification.vendor" value="Oracle Corporation"/>
    <property name="java.specification.name" value="Java Platform API Specification"/>
    <property name="java.awt.graphicsenv" value="sun.awt.CGraphicsEnvironment"/>
    <property name="surefire.real.class.path" value="/Users/abelmarin/Code/School/Software Testing/marin-nutrition/target/surefire/surefirebooter2143951905915930656.jar:/Users/abelmarin/.m2/repository/org/jacoco/org.jacoco.agent/0.8.2/org.jacoco.agent-0.8.2-runtime.jar"/>
    <property name="sun.boot.class.path" value="/Library/Java/JavaVirtualMachines/jdk1.8.0_202.jdk/Contents/Home/jre/lib/resources.jar:/Library/Java/JavaVirtualMachines/jdk1.8.0_202.jdk/Contents/Home/jre/lib/rt.jar:/Library/Java/JavaVirtualMachines/jdk1.8.0_202.jdk/Contents/Home/jre/lib/sunrsasign.jar:/Library/Java/JavaVirtualMachines/jdk1.8.0_202.jdk/Contents/Home/jre/lib/jsse.jar:/Library/Java/JavaVirtualMachines/jdk1.8.0_202.jdk/Contents/Home/jre/lib/jce.jar:/Library/Java/JavaVirtualMachines/jdk1.8.0_202.jdk/Contents/Home/jre/lib/charsets.jar:/Library/Java/JavaVirtualMachines/jdk1.8.0_202.jdk/Contents/Home/jre/lib/jfr.jar:/Library/Java/JavaVirtualMachines/jdk1.8.0_202.jdk/Contents/Home/jre/classes"/>
    <property name="sun.management.compiler" value="HotSpot 64-Bit Tiered Compilers"/>
    <property name="ftp.nonProxyHosts" value="local|*.local|169.254/16|*.169.254/16"/>
    <property name="java.runtime.version" value="1.8.0_202-b08"/>
    <property name="user.name" value="abelmarin"/>
    <property name="path.separator" value=":"/>
    <property name="os.version" value="10.15.4"/>
    <property name="java.endorsed.dirs" value="/Library/Java/JavaVirtualMachines/jdk1.8.0_202.jdk/Contents/Home/jre/lib/endorsed"/>
    <property name="java.runtime.name" value="Java(TM) SE Runtime Environment"/>
    <property name="file.encoding" value="UTF-8"/>
    <property name="java.vm.name" value="Java HotSpot(TM) 64-Bit Server VM"/>
    <property name="localRepository" value="/Users/abelmarin/.m2/repository"/>
    <property name="java.vendor.url.bug" value="http://bugreport.sun.com/bugreport/"/>
    <property name="java.io.tmpdir" value="/var/folders/ch/ztwjtpk50_gdj52v_hwxww9m0000gn/T/"/>
    <property name="java.version" value="1.8.0_202"/>
    <property name="user.dir" value="/Users/abelmarin/Code/School/Software Testing/marin-nutrition"/>
    <property name="os.arch" value="x86_64"/>
    <property name="java.vm.specification.name" value="Java Virtual Machine Specification"/>
    <property name="java.awt.printerjob" value="sun.lwawt.macosx.CPrinterJob"/>
    <property name="sun.os.patch.level" value="unknown"/>
    <property name="idea.version2019.3.4" value="true"/>
    <property name="java.library.path" value="/Users/abelmarin/Library/Java/Extensions:/Library/Java/Extensions:/Network/Library/Java/Extensions:/System/Library/Java/Extensions:/usr/lib/java:."/>
    <property name="java.vm.info" value="mixed mode"/>
    <property name="java.vendor" value="Oracle Corporation"/>
    <property name="java.vm.version" value="25.202-b08"/>
    <property name="java.ext.dirs" value="/Users/abelmarin/Library/Java/Extensions:/Library/Java/JavaVirtualMachines/jdk1.8.0_202.jdk/Contents/Home/jre/lib/ext:/Library/Java/Extensions:/Network/Library/Java/Extensions:/System/Library/Java/Extensions:/usr/lib/java"/>
    <property name="sun.io.unicode.encoding" value="UnicodeBig"/>
    <property name="java.class.version" value="52.0"/>
    <property name="socksNonProxyHosts" value="local|*.local|169.254/16|*.169.254/16"/>
  </properties>
  <testcase name="testNameTooLong" classname="app.userDataTest" time="0.028"/>
  <testcase name="testFailReturnName" classname="app.userDataTest" time="0.029"/>
  <testcase name="testEmailTooLong" classname="app.userDataTest" time="0.001"/>
  <testcase name="testReturnName" classname="app.userDataTest" time="0.003"/>
  <testcase name="testEmailEmptyString" classname="app.userDataTest" time="0.001"/>
  <testcase name="testNameEmptyString" classname="app.userDataTest" time="0.001"/>
  <testcase name="testSuccessfulUserDataTracked" classname="app.userDataTest" time="0.003"/>
  <testcase name="testFailReturnEmail" classname="app.userDataTest" time="0.001"/>
  <testcase name="testReturnEmail" classname="app.userDataTest" time="0.001"/>
</testsuite>